# JRE version: Java(TM) SE Runtime Environment (8.0_181-b13) (build 1.8.0_181-b13)
# Java VM: Java HotSpot(TM) 64-Bit Server VM (25.181-b13 mixed mode windows-amd64 compressed oops)
Heap:
 PSYoungGen      total 18944K, used 10098K [0x00000000eb380000, 0x00000000ec900000, 0x0000000100000000)
  eden space 15872K, 61% used [0x00000000eb380000,0x00000000ebd042e0,0x00000000ec300000)
  from space 3072K, 11% used [0x00000000ec600000,0x00000000ec6588e0,0x00000000ec900000)
  to   space 3072K, 0% used [0x00000000ec300000,0x00000000ec300000,0x00000000ec600000)
 ParOldGen       total 44032K, used 12602K [0x00000000c1a00000, 0x00000000c4500000, 0x00000000eb380000)
  object space 44032K, 28% used [0x00000000c1a00000,0x00000000c264e850,0x00000000c4500000)
 Metaspace       used 15813K, capacity 16586K, committed 16640K, reserved 1064960K
  class space    used 1831K, capacity 2045K, committed 2048K, reserved 1048576K
GC Heap History (10 events):
Event: 47266.737 GC heap before
{Heap before GC invocations=26 (full 0):
 PSYoungGen      total 16384K, used 16274K [0x00000000eb380000, 0x00000000eca00000, 0x0000000100000000)
  eden space 15872K, 100% used [0x00000000eb380000,0x00000000ec300000,0x00000000ec300000)
  from space 512K, 78% used [0x00000000ec300000,0x00000000ec364b20,0x00000000ec380000)
  to   space 3584K, 0% used [0x00000000ec680000,0x00000000ec680000,0x00000000eca00000)
 ParOldGen       total 44032K, used 11697K [0x00000000c1a00000, 0x00000000c4500000, 0x00000000eb380000)
  object space 44032K, 26% used [0x00000000c1a00000,0x00000000c256c580,0x00000000c4500000)
 Metaspace       used 15707K, capacity 16450K, committed 16640K, reserved 1064960K
  class space    used 1828K, capacity 2045K, committed 2048K, reserved 1048576K
Event: 47267.188 GC heap after
Heap after GC invocations=26 (full 0):
 PSYoungGen      total 19456K, used 402K [0x00000000eb380000, 0x00000000eca00000, 0x0000000100000000)
  eden space 15872K, 0% used [0x00000000eb380000,0x00000000eb380000,0x00000000ec300000)
  from space 3584K, 11% used [0x00000000ec680000,0x00000000ec6e4b20,0x00000000eca00000)
  to   space 3584K, 0% used [0x00000000ec300000,0x00000000ec300000,0x00000000ec680000)
 ParOldGen       total 44032K, used 11881K [0x00000000c1a00000, 0x00000000c4500000, 0x00000000eb380000)
  object space 44032K, 26% used [0x00000000c1a00000,0x00000000c259a610,0x00000000c4500000)
 Metaspace       used 15707K, capacity 16450K, committed 16640K, reserved 1064960K
  class space    used 1828K, capacity 2045K, committed 2048K, reserved 1048576K
}
Event: 50033.751 GC heap before
{Heap before GC invocations=27 (full 0):
 PSYoungGen      total 19456K, used 16274K [0x00000000eb380000, 0x00000000eca00000, 0x0000000100000000)
  eden space 15872K, 100% used [0x00000000eb380000,0x00000000ec300000,0x00000000ec300000)
  from space 3584K, 11% used [0x00000000ec680000,0x00000000ec6e4b20,0x00000000eca00000)
  to   space 3584K, 0% used [0x00000000ec300000,0x00000000ec300000,0x00000000ec680000)
 ParOldGen       total 44032K, used 11881K [0x00000000c1a00000, 0x00000000c4500000, 0x00000000eb380000)
  object space 44032K, 26% used [0x00000000c1a00000,0x00000000c259a610,0x00000000c4500000)
 Metaspace       used 15709K, capacity 16450K, committed 16640K, reserved 1064960K
  class space    used 1828K, capacity 2045K, committed 2048K, reserved 1048576K
Event: 50034.340 GC heap after
Heap after GC invocations=27 (full 0):
 PSYoungGen      total 19456K, used 402K [0x00000000eb380000, 0x00000000eca00000, 0x0000000100000000)
  eden space 15872K, 0% used [0x00000000eb380000,0x00000000eb380000,0x00000000ec300000)
  from space 3584K, 11% used [0x00000000ec300000,0x00000000ec364b20,0x00000000ec680000)
  to   space 3584K, 0% used [0x00000000ec680000,0x00000000ec680000,0x00000000eca00000)
 ParOldGen       total 44032K, used 12065K [0x00000000c1a00000, 0x00000000c4500000, 0x00000000eb380000)
  object space 44032K, 27% used [0x00000000c1a00000,0x00000000c25c86a0,0x00000000c4500000)
 Metaspace       used 15709K, capacity 16450K, committed 16640K, reserved 1064960K
  class space    used 1828K, capacity 2045K, committed 2048K, reserved 1048576K
}
Event: 52800.033 GC heap before
{Heap before GC invocations=28 (full 0):
 PSYoungGen      total 19456K, used 16274K [0x00000000eb380000, 0x00000000eca00000, 0x0000000100000000)
  eden space 15872K, 100% used [0x00000000eb380000,0x00000000ec300000,0x00000000ec300000)
  from space 3584K, 11% used [0x00000000ec300000,0x00000000ec364b20,0x00000000ec680000)
  to   space 3584K, 0% used [0x00000000ec680000,0x00000000ec680000,0x00000000eca00000)
 ParOldGen       total 44032K, used 12065K [0x00000000c1a00000, 0x00000000c4500000, 0x00000000eb380000)
  object space 44032K, 27% used [0x00000000c1a00000,0x00000000c25c86a0,0x00000000c4500000)
 Metaspace       used 15714K, capacity 16450K, committed 16640K, reserved 1064960K
  class space    used 1829K, capacity 2045K, committed 2048K, reserved 1048576K
Event: 52800.144 GC heap after
Heap after GC invocations=28 (full 0):
 PSYoungGen      total 18432K, used 402K [0x00000000eb380000, 0x00000000ec900000, 0x0000000100000000)
  eden space 15872K, 0% used [0x00000000eb380000,0x00000000eb380000,0x00000000ec300000)
  from space 2560K, 15% used [0x00000000ec680000,0x00000000ec6e4b20,0x00000000ec900000)
  to   space 3072K, 0% used [0x00000000ec300000,0x00000000ec300000,0x00000000ec600000)
 ParOldGen       total 44032K, used 12249K [0x00000000c1a00000, 0x00000000c4500000, 0x00000000eb380000)
  object space 44032K, 27% used [0x00000000c1a00000,0x00000000c25f6730,0x00000000c4500000)
 Metaspace       used 15714K, capacity 16450K, committed 16640K, reserved 1064960K
  class space    used 1829K, capacity 2045K, committed 2048K, reserved 1048576K
}
Event: 55559.051 GC heap before
{Heap before GC invocations=29 (full 0):
 PSYoungGen      total 18432K, used 16274K [0x00000000eb380000, 0x00000000ec900000, 0x0000000100000000)
  eden space 15872K, 100% used [0x00000000eb380000,0x00000000ec300000,0x00000000ec300000)
  from space 2560K, 15% used [0x00000000ec680000,0x00000000ec6e4b20,0x00000000ec900000)
  to   space 3072K, 0% used [0x00000000ec300000,0x00000000ec300000,0x00000000ec600000)
 ParOldGen       total 44032K, used 12249K [0x00000000c1a00000, 0x00000000c4500000, 0x00000000eb380000)
  object space 44032K, 27% used [0x00000000c1a00000,0x00000000c25f6730,0x00000000c4500000)
 Metaspace       used 15723K, capacity 16514K, committed 16640K, reserved 1064960K
  class space    used 1829K, capacity 2045K, committed 2048K, reserved 1048576K
Event: 55559.280 GC heap after
Heap after GC invocations=29 (full 0):
 PSYoungGen      total 18944K, used 402K [0x00000000eb380000, 0x00000000ec900000, 0x0000000100000000)
  eden space 15872K, 0% used [0x00000000eb380000,0x00000000eb380000,0x00000000ec300000)
  from space 3072K, 13% used [0x00000000ec300000,0x00000000ec364b20,0x00000000ec600000)
  to   space 3072K, 0% used [0x00000000ec600000,0x00000000ec600000,0x00000000ec900000)
 ParOldGen       total 44032K, used 12433K [0x00000000c1a00000, 0x00000000c4500000, 0x00000000eb380000)
  object space 44032K, 28% used [0x00000000c1a00000,0x00000000c26247c0,0x00000000c4500000)
 Metaspace       used 15723K, capacity 16514K, committed 16640K, reserved 1064960K
  class space    used 1829K, capacity 2045K, committed 2048K, reserved 1048576K
}
Event: 58368.960 GC heap before
{Heap before GC invocations=30 (full 0):
 PSYoungGen      total 18944K, used 16274K [0x00000000eb380000, 0x00000000ec900000, 0x0000000100000000)
  eden space 15872K, 100% used [0x00000000eb380000,0x00000000ec300000,0x00000000ec300000)
  from space 3072K, 13% used [0x00000000ec300000,0x00000000ec364b20,0x00000000ec600000)
  to   space 3072K, 0% used [0x00000000ec600000,0x00000000ec600000,0x00000000ec900000)
 ParOldGen       total 44032K, used 12433K [0x00000000c1a00000, 0x00000000c4500000, 0x00000000eb380000)
  object space 44032K, 28% used [0x00000000c1a00000,0x00000000c26247c0,0x00000000c4500000)
 Metaspace       used 15771K, capacity 16518K, committed 16640K, reserved 1064960K
  class space    used 1831K, capacity 2045K, committed 2048K, reserved 1048576K
Event: 58369.209 GC heap after
Heap after GC invocations=30 (full 0):
 PSYoungGen      total 18944K, used 354K [0x00000000eb380000, 0x00000000ec900000, 0x0000000100000000)
  eden space 15872K, 0% used [0x00000000eb380000,0x00000000eb380000,0x00000000ec300000)
  from space 3072K, 11% used [0x00000000ec600000,0x00000000ec6588e0,0x00000000ec900000)
  to   space 3072K, 0% used [0x00000000ec300000,0x00000000ec300000,0x00000000ec600000)
 ParOldGen       total 44032K, used 12602K [0x00000000c1a00000, 0x00000000c4500000, 0x00000000eb380000)
  object space 44032K, 28% used [0x00000000c1a00000,0x00000000c264e850,0x00000000c4500000)
 Metaspace       used 15771K, capacity 16518K, committed 16640K, reserved 1064960K
  class space    used 1831K, capacity 2045K, committed 2048K, reserved 1048576K
}

