# JRE version: Java(TM) SE Runtime Environment (8.0_181-b13) (build 1.8.0_181-b13)
# Java VM: Java HotSpot(TM) 64-Bit Server VM (25.181-b13 mixed mode windows-amd64 compressed oops)
Heap:
 PSYoungGen      total 17920K, used 14665K [0x00000000eb380000, 0x00000000ec700000, 0x0000000100000000)
  eden space 15872K, 89% used [0x00000000eb380000,0x00000000ec155bb8,0x00000000ec300000)
  from space 2048K, 24% used [0x00000000ec500000,0x00000000ec57cb30,0x00000000ec700000)
  to   space 2048K, 0% used [0x00000000ec300000,0x00000000ec300000,0x00000000ec500000)
 ParOldGen       total 44032K, used 13046K [0x00000000c1a00000, 0x00000000c4500000, 0x00000000eb380000)
  object space 44032K, 29% used [0x00000000c1a00000,0x00000000c26bd908,0x00000000c4500000)
 Metaspace       used 15729K, capacity 16526K, committed 16640K, reserved 1064960K
  class space    used 1830K, capacity 2047K, committed 2048K, reserved 1048576K
GC Heap History (10 events):
Event: 32149.354 GC heap before
{Heap before GC invocations=30 (full 0):
 PSYoungGen      total 18944K, used 16371K [0x00000000eb380000, 0x00000000ec900000, 0x0000000100000000)
  eden space 15872K, 100% used [0x00000000eb380000,0x00000000ec300000,0x00000000ec300000)
  from space 3072K, 16% used [0x00000000ec300000,0x00000000ec37cf90,0x00000000ec600000)
  to   space 3072K, 0% used [0x00000000ec600000,0x00000000ec600000,0x00000000ec900000)
 ParOldGen       total 44032K, used 12053K [0x00000000c1a00000, 0x00000000c4500000, 0x00000000eb380000)
  object space 44032K, 27% used [0x00000000c1a00000,0x00000000c25c5608,0x00000000c4500000)
 Metaspace       used 15603K, capacity 16382K, committed 16640K, reserved 1064960K
  class space    used 1829K, capacity 2045K, committed 2048K, reserved 1048576K
Event: 32149.543 GC heap after
Heap after GC invocations=30 (full 0):
 PSYoungGen      total 17920K, used 466K [0x00000000eb380000, 0x00000000ec800000, 0x0000000100000000)
  eden space 15872K, 0% used [0x00000000eb380000,0x00000000eb380000,0x00000000ec300000)
  from space 2048K, 22% used [0x00000000ec600000,0x00000000ec674b30,0x00000000ec800000)
  to   space 2560K, 0% used [0x00000000ec300000,0x00000000ec300000,0x00000000ec580000)
 ParOldGen       total 44032K, used 12245K [0x00000000c1a00000, 0x00000000c4500000, 0x00000000eb380000)
  object space 44032K, 27% used [0x00000000c1a00000,0x00000000c25f5698,0x00000000c4500000)
 Metaspace       used 15603K, capacity 16382K, committed 16640K, reserved 1064960K
  class space    used 1829K, capacity 2045K, committed 2048K, reserved 1048576K
}
Event: 34895.130 GC heap before
{Heap before GC invocations=31 (full 0):
 PSYoungGen      total 17920K, used 16332K [0x00000000eb380000, 0x00000000ec800000, 0x0000000100000000)
  eden space 15872K, 99% used [0x00000000eb380000,0x00000000ec2fe720,0x00000000ec300000)
  from space 2048K, 22% used [0x00000000ec600000,0x00000000ec674b30,0x00000000ec800000)
  to   space 2560K, 0% used [0x00000000ec300000,0x00000000ec300000,0x00000000ec580000)
 ParOldGen       total 44032K, used 12245K [0x00000000c1a00000, 0x00000000c4500000, 0x00000000eb380000)
  object space 44032K, 27% used [0x00000000c1a00000,0x00000000c25f5698,0x00000000c4500000)
 Metaspace       used 15626K, capacity 16392K, committed 16640K, reserved 1064960K
  class space    used 1829K, capacity 2046K, committed 2048K, reserved 1048576K
Event: 34895.443 GC heap after
Heap after GC invocations=31 (full 0):
 PSYoungGen      total 18432K, used 402K [0x00000000eb380000, 0x00000000ec800000, 0x0000000100000000)
  eden space 15872K, 0% used [0x00000000eb380000,0x00000000eb380000,0x00000000ec300000)
  from space 2560K, 15% used [0x00000000ec300000,0x00000000ec364b20,0x00000000ec580000)
  to   space 2560K, 0% used [0x00000000ec580000,0x00000000ec580000,0x00000000ec800000)
 ParOldGen       total 44032K, used 12485K [0x00000000c1a00000, 0x00000000c4500000, 0x00000000eb380000)
  object space 44032K, 28% used [0x00000000c1a00000,0x00000000c2631758,0x00000000c4500000)
 Metaspace       used 15626K, capacity 16392K, committed 16640K, reserved 1064960K
  class space    used 1829K, capacity 2046K, committed 2048K, reserved 1048576K
}
Event: 37638.907 GC heap before
{Heap before GC invocations=32 (full 0):
 PSYoungGen      total 18432K, used 16274K [0x00000000eb380000, 0x00000000ec800000, 0x0000000100000000)
  eden space 15872K, 100% used [0x00000000eb380000,0x00000000ec300000,0x00000000ec300000)
  from space 2560K, 15% used [0x00000000ec300000,0x00000000ec364b20,0x00000000ec580000)
  to   space 2560K, 0% used [0x00000000ec580000,0x00000000ec580000,0x00000000ec800000)
 ParOldGen       total 44032K, used 12485K [0x00000000c1a00000, 0x00000000c4500000, 0x00000000eb380000)
  object space 44032K, 28% used [0x00000000c1a00000,0x00000000c2631758,0x00000000c4500000)
 Metaspace       used 15639K, capacity 16398K, committed 16640K, reserved 1064960K
  class space    used 1830K, capacity 2047K, committed 2048K, reserved 1048576K
Event: 37639.083 GC heap after
Heap after GC invocations=32 (full 0):
 PSYoungGen      total 18432K, used 402K [0x00000000eb380000, 0x00000000ec800000, 0x0000000100000000)
  eden space 15872K, 0% used [0x00000000eb380000,0x00000000eb380000,0x00000000ec300000)
  from space 2560K, 15% used [0x00000000ec580000,0x00000000ec5e4b20,0x00000000ec800000)
  to   space 2560K, 0% used [0x00000000ec300000,0x00000000ec300000,0x00000000ec580000)
 ParOldGen       total 44032K, used 12669K [0x00000000c1a00000, 0x00000000c4500000, 0x00000000eb380000)
  object space 44032K, 28% used [0x00000000c1a00000,0x00000000c265f7e8,0x00000000c4500000)
 Metaspace       used 15639K, capacity 16398K, committed 16640K, reserved 1064960K
  class space    used 1830K, capacity 2047K, committed 2048K, reserved 1048576K
}
Event: 41284.118 GC heap before
{Heap before GC invocations=33 (full 0):
 PSYoungGen      total 18432K, used 16274K [0x00000000eb380000, 0x00000000ec800000, 0x0000000100000000)
  eden space 15872K, 100% used [0x00000000eb380000,0x00000000ec300000,0x00000000ec300000)
  from space 2560K, 15% used [0x00000000ec580000,0x00000000ec5e4b20,0x00000000ec800000)
  to   space 2560K, 0% used [0x00000000ec300000,0x00000000ec300000,0x00000000ec580000)
 ParOldGen       total 44032K, used 12669K [0x00000000c1a00000, 0x00000000c4500000, 0x00000000eb380000)
  object space 44032K, 28% used [0x00000000c1a00000,0x00000000c265f7e8,0x00000000c4500000)
 Metaspace       used 15657K, capacity 16462K, committed 16640K, reserved 1064960K
  class space    used 1830K, capacity 2047K, committed 2048K, reserved 1048576K
Event: 41284.451 GC heap after
Heap after GC invocations=33 (full 0):
 PSYoungGen      total 16896K, used 563K [0x00000000eb380000, 0x00000000ec700000, 0x0000000100000000)
  eden space 15872K, 0% used [0x00000000eb380000,0x00000000eb380000,0x00000000ec300000)
  from space 1024K, 55% used [0x00000000ec300000,0x00000000ec38cf90,0x00000000ec400000)
  to   space 2048K, 0% used [0x00000000ec500000,0x00000000ec500000,0x00000000ec700000)
 ParOldGen       total 44032K, used 12854K [0x00000000c1a00000, 0x00000000c4500000, 0x00000000eb380000)
  object space 44032K, 29% used [0x00000000c1a00000,0x00000000c268d878,0x00000000c4500000)
 Metaspace       used 15657K, capacity 16462K, committed 16640K, reserved 1064960K
  class space    used 1830K, capacity 2047K, committed 2048K, reserved 1048576K
}
Event: 44028.069 GC heap before
{Heap before GC invocations=34 (full 0):
 PSYoungGen      total 16896K, used 16435K [0x00000000eb380000, 0x00000000ec700000, 0x0000000100000000)
  eden space 15872K, 100% used [0x00000000eb380000,0x00000000ec300000,0x00000000ec300000)
  from space 1024K, 55% used [0x00000000ec300000,0x00000000ec38cf90,0x00000000ec400000)
  to   space 2048K, 0% used [0x00000000ec500000,0x00000000ec500000,0x00000000ec700000)
 ParOldGen       total 44032K, used 12854K [0x00000000c1a00000, 0x00000000c4500000, 0x00000000eb380000)
  object space 44032K, 29% used [0x00000000c1a00000,0x00000000c268d878,0x00000000c4500000)
 Metaspace       used 15722K, capacity 16526K, committed 16640K, reserved 1064960K
  class space    used 1830K, capacity 2047K, committed 2048K, reserved 1048576K
Event: 44028.779 GC heap after
Heap after GC invocations=34 (full 0):
 PSYoungGen      total 17920K, used 498K [0x00000000eb380000, 0x00000000ec700000, 0x0000000100000000)
  eden space 15872K, 0% used [0x00000000eb380000,0x00000000eb380000,0x00000000ec300000)
  from space 2048K, 24% used [0x00000000ec500000,0x00000000ec57cb30,0x00000000ec700000)
  to   space 2048K, 0% used [0x00000000ec300000,0x00000000ec300000,0x00000000ec500000)
 ParOldGen       total 44032K, used 13046K [0x00000000c1a00000, 0x00000000c4500000, 0x00000000eb380000)
  object space 44032K, 29% used [0x00000000c1a00000,0x00000000c26bd908,0x00000000c4500000)
 Metaspace       used 15722K, capacity 16526K, committed 16640K, reserved 1064960K
  class space    used 1830K, capacity 2047K, committed 2048K, reserved 1048576K
}

